#
# There is insufficient memory for the Java Runtime Environment to continue.
# Native memory allocation (malloc) failed to allocate 1074176 bytes for Chunk::new
# Possible reasons:
#   The system is out of physical RAM or swap space
#   The process is running with CompressedOops enabled, and the Java Heap may be blocking the growth of the native heap
# Possible solutions:
#   Reduce memory load on the system
#   Increase physical memory or swap space
#   Check if swap backing store is full
#   Decrease Java heap size (-Xmx/-Xms)
#   Decrease number of Java threads
#   Decrease Java thread stack sizes (-Xss)
#   Set larger code cache with -XX:ReservedCodeCacheSize=
#   JVM is running with Unscaled Compressed Oops mode in which the Java heap is
#     placed in the first 4GB address space. The Java Heap base address is the
#     maximum limit for the native heap growth. Please use -XX:HeapBaseMinAddress
#     to set the Java Heap base and to place the Java Heap above 4GB virtual address.
# This output file may be truncated or incomplete.
#
#  Out of Memory Error (allocation.cpp:389), pid=4548, tid=0x0000000000001924
#
# JRE version: OpenJDK Runtime Environment (8.0_212-b04) (build 1.8.0_212-release-1586-b04)
# Java VM: OpenJDK 64-Bit Server VM (25.212-b04 mixed mode windows-amd64 compressed oops)
# Failed to write core dump. Minidumps are not enabled by default on client versions of Windows
#

---------------  T H R E A D  ---------------

Current thread (0x00000000170ab000):  JavaThread "C2 CompilerThread2" daemon [_thread_in_native, id=6436, stack(0x0000000019980000,0x0000000019a80000)]

Stack: [0x0000000019980000,0x0000000019a80000]
[error occurred during error reporting (printing stack bounds), id 0xc0000005]

Native frames: (J=compiled Java code, j=interpreted, Vv=VM code, C=native code)


Current CompileTask:
C2:1876810 21120       4       com.android.tools.r8.u.b.M0::a (345 bytes)


---------------  P R O C E S S  ---------------

Java Threads: ( => current thread )
  0x0000000027725000 JavaThread "WorkerExecutor Queue Thread 3" [_thread_blocked, id=11016, stack(0x000000002bd80000,0x000000002be80000)]
  0x0000000027722800 JavaThread "Cache worker for Java compile cache (F:\Android_Project\volleyball-1\.gradle\5.6.4\javaCompile)" [_thread_blocked, id=7376, stack(0x000000002bf90000,0x000000002c090000)]
  0x0000000027724000 JavaThread "Cache worker for Java compile cache (C:\Users\denis\.gradle\caches\5.6.4\javaCompile)" [_thread_blocked, id=11660, stack(0x000000002be90000,0x000000002bf90000)]
  0x0000000027722000 JavaThread "stdout" [_thread_in_native, id=6208, stack(0x000000002ba80000,0x000000002bb80000)]
  0x0000000027723800 JavaThread "stderr" [_thread_in_native, id=1876, stack(0x000000002b980000,0x000000002ba80000)]
  0x0000000027726800 JavaThread "pool-21-thread-1" [_thread_blocked, id=8004, stack(0x000000002b880000,0x000000002b980000)]
  0x0000000027721000 JavaThread "WorkerExecutor Queue Thread 2" [_thread_blocked, id=12968, stack(0x000000002b780000,0x000000002b880000)]
  0x0000000027719800 JavaThread "WorkerExecutor Queue" [_thread_in_native, id=8556, stack(0x000000002b580000,0x000000002b680000)]
  0x000000002771f800 JavaThread "Cache worker for execution history cache (F:\Android_Project\volleyball-1\.gradle\5.6.4\executionHistory)" [_thread_blocked, id=10512, stack(0x000000002b210000,0x000000002b310000)]
  0x0000000027718000 JavaThread "Execution worker for ':' Thread 7" [_thread_blocked, id=11524, stack(0x000000002b110000,0x000000002b210000)]
  0x000000002771c800 JavaThread "Execution worker for ':' Thread 6" [_thread_blocked, id=11060, stack(0x000000002b010000,0x000000002b110000)]
  0x000000002771a800 JavaThread "Execution worker for ':' Thread 5" [_thread_in_native_trans, id=11920, stack(0x000000002af10000,0x000000002b010000)]
  0x000000002771e000 JavaThread "Execution worker for ':' Thread 4" [_thread_in_native, id=3076, stack(0x000000002ae10000,0x000000002af10000)]
  0x000000002771c000 JavaThread "Execution worker for ':' Thread 3" [_thread_in_Java, id=13876, stack(0x000000002ad10000,0x000000002ae10000)]
  0x000000002771f000 JavaThread "Execution worker for ':' Thread 2" [_thread_blocked, id=13700, stack(0x0000000029f50000,0x000000002a050000)]
  0x00000000246d0000 JavaThread "Execution worker for ':'" [_thread_in_native, id=8336, stack(0x0000000029c50000,0x0000000029d50000)]
  0x00000000246d0800 JavaThread "Cache worker for file content cache (F:\Android_Project\volleyball-1\.gradle\5.6.4\fileContent)" [_thread_blocked, id=12868, stack(0x0000000029b50000,0x0000000029c50000)]
  0x00000000246ce800 JavaThread "Cache worker for Build Output Cleanup Cache (F:\Android_Project\volleyball-1\.gradle\buildOutputCleanup)" [_thread_blocked, id=7732, stack(0x0000000026560000,0x0000000026660000)]
  0x00000000246cd800 JavaThread "Build operations Thread 8" [_thread_blocked, id=8576, stack(0x00000000260f0000,0x00000000261f0000)]
  0x00000000246d4800 JavaThread "Build operations Thread 7" [_thread_blocked, id=13720, stack(0x0000000025520000,0x0000000025620000)]
  0x00000000246cd000 JavaThread "Build operations Thread 6" [_thread_blocked, id=3984, stack(0x0000000024e20000,0x0000000024f20000)]
  0x00000000246d3800 JavaThread "Build operations Thread 5" [_thread_blocked, id=2396, stack(0x0000000024d20000,0x0000000024e20000)]
  0x00000000246d3000 JavaThread "Build operations Thread 4" [_thread_blocked, id=7348, stack(0x0000000024c20000,0x0000000024d20000)]
  0x00000000246cf000 JavaThread "Build operations Thread 3" [_thread_blocked, id=13288, stack(0x0000000024920000,0x0000000024a20000)]
  0x00000000246d1800 JavaThread "Build operations Thread 2" [_thread_blocked, id=8964, stack(0x0000000024820000,0x0000000024920000)]
  0x00000000246d2000 JavaThread "Build operations" [_thread_blocked, id=13840, stack(0x0000000024720000,0x0000000024820000)]
  0x00000000246c5800 JavaThread "Cache worker for cache directory md-rule (C:\Users\denis\.gradle\caches\5.6.4\md-rule)" [_thread_blocked, id=11072, stack(0x0000000020480000,0x0000000020580000)]
  0x00000000246cc000 JavaThread "Cache worker for cache directory md-supplier (C:\Users\denis\.gradle\caches\5.6.4\md-supplier)" [_thread_blocked, id=3384, stack(0x0000000020150000,0x0000000020250000)]
  0x00000000246cb800 JavaThread "Cache worker for file hash cache (F:\Android_Project\volleyball-1\.gradle\5.6.4\fileHashes)" [_thread_blocked, id=13384, stack(0x000000001d4b0000,0x000000001d5b0000)]
  0x00000000246ca800 JavaThread "Thread-96" [_thread_blocked, id=4356, stack(0x000000001d3b0000,0x000000001d4b0000)]
  0x00000000246c8800 JavaThread "Stdin handler" [_thread_blocked, id=4804, stack(0x000000001d2b0000,0x000000001d3b0000)]
  0x00000000246c9000 JavaThread "Asynchronous log dispatcher for DefaultDaemonConnection: socket connection from /127.0.0.1:63047 to /127.0.0.1:63487" [_thread_blocked, id=3556, stack(0x000000001cfb0000,0x000000001d0b0000)]
  0x00000000246ca000 JavaThread "Cancel handler" [_thread_blocked, id=11140, stack(0x0000000001790000,0x0000000001890000)]
  0x00000000246c7000 JavaThread "Handler for socket connection from /127.0.0.1:63047 to /127.0.0.1:63487" [_thread_in_native, id=5096, stack(0x0000000001690000,0x0000000001790000)]
  0x000000001beb2000 JavaThread "Cache worker for file content cache (C:\Users\denis\.gradle\caches\5.6.4\fileContent)" [_thread_blocked, id=12280, stack(0x0000000028810000,0x0000000028910000)]
  0x0000000021db1800 JavaThread "Daemon worker Thread 2" [_thread_in_Java, id=8868, stack(0x000000001ceb0000,0x000000001cfb0000)]
  0x0000000021db1000 JavaThread "Daemon Thread 2" [_thread_blocked, id=3036, stack(0x0000000001590000,0x0000000001690000)]
  0x000000001beb6000 JavaThread "Memory manager" [_thread_blocked, id=13556, stack(0x0000000026260000,0x0000000026360000)]
  0x000000001beb1800 JavaThread "Cache worker for execution history cache (C:\Users\denis\.gradle\caches\5.6.4\executionHistory)" [_thread_blocked, id=11040, stack(0x00000000219e0000,0x0000000021ae0000)]
  0x000000001a0f4000 JavaThread "Cache worker for journal cache (C:\Users\denis\.gradle\caches\journal-1)" [_thread_blocked, id=1580, stack(0x000000001dcb0000,0x000000001ddb0000)]
  0x000000001a0f1000 JavaThread "File lock request listener" [_thread_in_native, id=5520, stack(0x000000001dbb0000,0x000000001dcb0000)]
  0x000000001ba53000 JavaThread "Cache worker for file hash cache (C:\Users\denis\.gradle\caches\5.6.4\fileHashes)" [_thread_blocked, id=9724, stack(0x000000001dab0000,0x000000001dbb0000)]
  0x000000001b9a6800 JavaThread "Daemon periodic checks" [_thread_blocked, id=3204, stack(0x000000001cdb0000,0x000000001ceb0000)]
  0x000000001b8a6800 JavaThread "Incoming local TCP Connector on port 63047" [_thread_in_native, id=12192, stack(0x000000001cb60000,0x000000001cc60000)]
  0x000000001b84f800 JavaThread "Daemon health stats" [_thread_blocked, id=12232, stack(0x000000001c520000,0x000000001c620000)]
  0x0000000018ed0800 JavaThread "Service Thread" daemon [_thread_blocked, id=13604, stack(0x0000000019b80000,0x0000000019c80000)]
  0x0000000018eb0000 JavaThread "C1 CompilerThread3" daemon [_thread_in_native, id=12052, stack(0x0000000019a80000,0x0000000019b80000)]
=>0x00000000170ab000 JavaThread "C2 CompilerThread2" daemon [_thread_in_native, id=6436, stack(0x0000000019980000,0x0000000019a80000)]
  0x0000000018eaa000 JavaThread "C2 CompilerThread1" daemon [_thread_in_native, id=12520, stack(0x0000000019880000,0x0000000019980000)]
  0x0000000018ea7000 JavaThread "C2 CompilerThread0" daemon [_thread_in_native, id=6092, stack(0x0000000019780000,0x0000000019880000)]
  0x0000000018ea5800 JavaThread "Attach Listener" daemon [_thread_blocked, id=10316, stack(0x0000000019680000,0x0000000019780000)]
  0x0000000018ea4800 JavaThread "Signal Dispatcher" daemon [_thread_blocked, id=2624, stack(0x0000000019580000,0x0000000019680000)]
  0x00000000032de000 JavaThread "Finalizer" daemon [_thread_blocked, id=13748, stack(0x0000000019370000,0x0000000019470000)]
  0x00000000032d5000 JavaThread "Reference Handler" daemon [_thread_blocked, id=4684, stack(0x0000000019270000,0x0000000019370000)]
  0x00000000030de800 JavaThread "main" [_thread_blocked, id=8112, stack(0x00000000030e0000,0x00000000031e0000)]

Other Threads:
  0x0000000017098000 VMThread [stack: 0x0000000018d70000,0x0000000018e70000] [id=9352]
  0x0000000018ed1000 WatcherThread [stack: 0x0000000019c80000,0x0000000019d80000] [id=2828]

VM state:not at safepoint (normal execution)

VM Mutex/Monitor currently owned by a thread: None

heap address: 0x00000000a0000000, size: 1536 MB, Compressed Oops mode: 32-bit
Narrow klass base: 0x0000000000000000, Narrow klass shift: 3
Compressed class space size: 1073741824 Address: 0x0000000100000000

Heap:
 PSYoungGen      total 468480K, used 290713K [0x00000000e0000000, 0x0000000100000000, 0x0000000100000000)
  eden space 424960K, 58% used [0x00000000e0000000,0x00000000ef32b010,0x00000000f9f00000)
  from space 43520K, 95% used [0x00000000fd580000,0x00000000ffe3b718,0x0000000100000000)
  to   space 49664K, 0% used [0x00000000f9f00000,0x00000000f9f00000,0x00000000fcf80000)
 ParOldGen       total 199680K, used 67391K [0x00000000a0000000, 0x00000000ac300000, 0x00000000e0000000)
  object space 199680K, 33% used [0x00000000a0000000,0x00000000a41cfe50,0x00000000ac300000)
 Metaspace       used 123227K, capacity 129452K, committed 129664K, reserved 1161216K
  class space    used 15958K, capacity 17209K, committed 17280K, reserved 1048576K

Card table byte_map: [0x00000000126a0000,0x00000000129b0000] byte_map_base: 0x00000000121a0000

Marking Bits: (ParMarkBitMap*) 0x000000005a939f30
 Begin Bits: [0x00000000133b0000, 0x0000000014bb0000)
 End Bits:   [0x0000000014bb0000, 0x00000000163b0000)

Polling page: 0x0000000001450000

CodeCache: size=245760Kb used=58996Kb max_used=58996Kb free=186763Kb
 bounds [0x00000000032e0000, 0x0000000006cd0000, 0x00000000122e0000]
 total_blobs=18157 nmethods=17217 adapters=851
 compilation: enabled

Compilation events (10 events):
Event: 1876.778 Thread 0x0000000018eb0000 nmethod 21359% 0x0000000006c0cad0 code [0x0000000006c0cd00, 0x0000000006c0d8e8]
Event: 1876.778 Thread 0x0000000018eb0000 21395 %     2       sun.nio.cs.UTF_8$Decoder::decodeArrayLoop @ 73 (691 bytes)
Event: 1876.783 Thread 0x0000000018eb0000 nmethod 21395% 0x0000000006cbb110 code [0x0000000006cbb760, 0x0000000006cbd728]
Event: 1876.783 Thread 0x0000000018eb0000 21400       3       com.android.tools.r8.u.a.h.e::a (45 bytes)
Event: 1876.784 Thread 0x0000000018eb0000 nmethod 21400 0x0000000006cc0bd0 code [0x0000000006cc0de0, 0x0000000006cc1898]
Event: 1876.784 Thread 0x0000000018eb0000 21311 %     3       com.android.tools.r8.ir.optimize.h::a @ 6 (627 bytes)
Event: 1876.792 Thread 0x0000000018eb0000 nmethod 21311% 0x0000000006cc1e90 code [0x0000000006cc2740, 0x0000000006cc9438]
Event: 1876.792 Thread 0x0000000018eb0000 21406       1       com.google.common.util.concurrent.AbstractFuture::afterDone (1 bytes)
Event: 1876.793 Thread 0x0000000018eb0000 nmethod 21406 0x0000000006c0c810 code [0x0000000006c0c960, 0x0000000006c0ca70]
Event: 1876.793 Thread 0x0000000018eb0000 21399       3       com.android.tools.r8.u.c.M::a (3068 bytes)

GC Heap History (10 events):
Event: 40.231 GC heap before
{Heap before GC invocations=16 (full 3):
 PSYoungGen      total 471552K, used 195650K [0x00000000e0000000, 0x0000000100000000, 0x0000000100000000)
  eden space 444416K, 37% used [0x00000000e0000000,0x00000000ea497180,0x00000000fb200000)
  from space 27136K, 99% used [0x00000000fe580000,0x00000000ffff99a8,0x0000000100000000)
  to   space 39936K, 0% used [0x00000000fb200000,0x00000000fb200000,0x00000000fd900000)
 ParOldGen       total 129536K, used 61259K [0x00000000a0000000, 0x00000000a7e80000, 0x00000000e0000000)
  object space 129536K, 47% used [0x00000000a0000000,0x00000000a3bd2ce8,0x00000000a7e80000)
 Metaspace       used 93849K, capacity 98324K, committed 98560K, reserved 1134592K
  class space    used 12381K, capacity 13307K, committed 13312K, reserved 1048576K
Event: 40.248 GC heap after
Heap after GC invocations=16 (full 3):
 PSYoungGen      total 484352K, used 19666K [0x00000000e0000000, 0x0000000100000000, 0x0000000100000000)
  eden space 444416K, 0% used [0x00000000e0000000,0x00000000e0000000,0x00000000fb200000)
  from space 39936K, 49% used [0x00000000fb200000,0x00000000fc534858,0x00000000fd900000)
  to   space 38400K, 0% used [0x00000000fda80000,0x00000000fda80000,0x0000000100000000)
 ParOldGen       total 129536K, used 66781K [0x00000000a0000000, 0x00000000a7e80000, 0x00000000e0000000)
  object space 129536K, 51% used [0x00000000a0000000,0x00000000a4137438,0x00000000a7e80000)
 Metaspace       used 93849K, capacity 98324K, committed 98560K, reserved 1134592K
  class space    used 12381K, capacity 13307K, committed 13312K, reserved 1048576K
}
Event: 40.248 GC heap before
{Heap before GC invocations=17 (full 4):
 PSYoungGen      total 484352K, used 19666K [0x00000000e0000000, 0x0000000100000000, 0x0000000100000000)
  eden space 444416K, 0% used [0x00000000e0000000,0x00000000e0000000,0x00000000fb200000)
  from space 39936K, 49% used [0x00000000fb200000,0x00000000fc534858,0x00000000fd900000)
  to   space 38400K, 0% used [0x00000000fda80000,0x00000000fda80000,0x0000000100000000)
 ParOldGen       total 129536K, used 66781K [0x00000000a0000000, 0x00000000a7e80000, 0x00000000e0000000)
  object space 129536K, 51% used [0x00000000a0000000,0x00000000a4137438,0x00000000a7e80000)
 Metaspace       used 93849K, capacity 98324K, committed 98560K, reserved 1134592K
  class space    used 12381K, capacity 13307K, committed 13312K, reserved 1048576K
Event: 40.466 GC heap after
Heap after GC invocations=17 (full 4):
 PSYoungGen      total 484352K, used 0K [0x00000000e0000000, 0x0000000100000000, 0x0000000100000000)
  eden space 444416K, 0% used [0x00000000e0000000,0x00000000e0000000,0x00000000fb200000)
  from space 39936K, 0% used [0x00000000fb200000,0x00000000fb200000,0x00000000fd900000)
  to   space 38400K, 0% used [0x00000000fda80000,0x00000000fda80000,0x0000000100000000)
 ParOldGen       total 199680K, used 67367K [0x00000000a0000000, 0x00000000ac300000, 0x00000000e0000000)
  object space 199680K, 33% used [0x00000000a0000000,0x00000000a41c9e50,0x00000000ac300000)
 Metaspace       used 93595K, capacity 97652K, committed 98560K, reserved 1134592K
  class space    used 12301K, capacity 13175K, committed 13312K, reserved 1048576K
}
Event: 1819.549 GC heap before
{Heap before GC invocations=18 (full 4):
 PSYoungGen      total 484352K, used 444416K [0x00000000e0000000, 0x0000000100000000, 0x0000000100000000)
  eden space 444416K, 100% used [0x00000000e0000000,0x00000000fb200000,0x00000000fb200000)
  from space 39936K, 0% used [0x00000000fb200000,0x00000000fb200000,0x00000000fd900000)
  to   space 38400K, 0% used [0x00000000fda80000,0x00000000fda80000,0x0000000100000000)
 ParOldGen       total 199680K, used 67367K [0x00000000a0000000, 0x00000000ac300000, 0x00000000e0000000)
  object space 199680K, 33% used [0x00000000a0000000,0x00000000a41c9e50,0x00000000ac300000)
 Metaspace       used 103929K, capacity 108426K, committed 108544K, reserved 1142784K
  class space    used 13357K, capacity 14302K, committed 14336K, reserved 1048576K
Event: 1819.586 GC heap after
Heap after GC invocations=18 (full 4):
 PSYoungGen      total 478720K, used 32001K [0x00000000e0000000, 0x0000000100000000, 0x0000000100000000)
  eden space 440320K, 0% used [0x00000000e0000000,0x00000000e0000000,0x00000000fae00000)
  from space 38400K, 83% used [0x00000000fda80000,0x00000000ff9c0400,0x0000000100000000)
  to   space 41984K, 0% used [0x00000000fae00000,0x00000000fae00000,0x00000000fd700000)
 ParOldGen       total 199680K, used 67375K [0x00000000a0000000, 0x00000000ac300000, 0x00000000e0000000)
  object space 199680K, 33% used [0x00000000a0000000,0x00000000a41cbe50,0x00000000ac300000)
 Metaspace       used 103929K, capacity 108426K, committed 108544K, reserved 1142784K
  class space    used 13357K, capacity 14302K, committed 14336K, reserved 1048576K
}
Event: 1870.080 GC heap before
{Heap before GC invocations=19 (full 4):
 PSYoungGen      total 478720K, used 472321K [0x00000000e0000000, 0x0000000100000000, 0x0000000100000000)
  eden space 440320K, 100% used [0x00000000e0000000,0x00000000fae00000,0x00000000fae00000)
  from space 38400K, 83% used [0x00000000fda80000,0x00000000ff9c0400,0x0000000100000000)
  to   space 41984K, 0% used [0x00000000fae00000,0x00000000fae00000,0x00000000fd700000)
 ParOldGen       total 199680K, used 67375K [0x00000000a0000000, 0x00000000ac300000, 0x00000000e0000000)
  object space 199680K, 33% used [0x00000000a0000000,0x00000000a41cbe50,0x00000000ac300000)
 Metaspace       used 108566K, capacity 113434K, committed 113536K, reserved 1148928K
  class space    used 13886K, capacity 14930K, committed 14976K, reserved 1048576K
Event: 1870.108 GC heap after
Heap after GC invocations=19 (full 4):
 PSYoungGen      total 470528K, used 29946K [0x00000000e0000000, 0x0000000100000000, 0x0000000100000000)
  eden space 440320K, 0% used [0x00000000e0000000,0x00000000e0000000,0x00000000fae00000)
  from space 30208K, 99% used [0x00000000fae00000,0x00000000fcb3e848,0x00000000fcb80000)
  to   space 43520K, 0% used [0x00000000fd580000,0x00000000fd580000,0x0000000100000000)
 ParOldGen       total 199680K, used 67383K [0x00000000a0000000, 0x00000000ac300000, 0x00000000e0000000)
  object space 199680K, 33% used [0x00000000a0000000,0x00000000a41cde50,0x00000000ac300000)
 Metaspace       used 108566K, capacity 113434K, committed 113536K, reserved 1148928K
  class space    used 13886K, capacity 14930K, committed 14976K, reserved 1048576K
}
Event: 1875.197 GC heap before
{Heap before GC invocations=20 (full 4):
 PSYoungGen      total 470528K, used 470266K [0x00000000e0000000, 0x0000000100000000, 0x0000000100000000)
  eden space 440320K, 100% used [0x00000000e0000000,0x00000000fae00000,0x00000000fae00000)
  from space 30208K, 99% used [0x00000000fae00000,0x00000000fcb3e848,0x00000000fcb80000)
  to   space 43520K, 0% used [0x00000000fd580000,0x00000000fd580000,0x0000000100000000)
 ParOldGen       total 199680K, used 67383K [0x00000000a0000000, 0x00000000ac300000, 0x00000000e0000000)
  object space 199680K, 33% used [0x00000000a0000000,0x00000000a41cde50,0x00000000ac300000)
 Metaspace       used 119908K, capacity 125360K, committed 125440K, reserved 1159168K
  class space    used 15506K, capacity 16623K, committed 16640K, reserved 1048576K
Event: 1875.256 GC heap after
Heap after GC invocations=20 (full 4):
 PSYoungGen      total 468480K, used 41709K [0x00000000e0000000, 0x0000000100000000, 0x0000000100000000)
  eden space 424960K, 0% used [0x00000000e0000000,0x00000000e0000000,0x00000000f9f00000)
  from space 43520K, 95% used [0x00000000fd580000,0x00000000ffe3b718,0x0000000100000000)
  to   space 49664K, 0% used [0x00000000f9f00000,0x00000000f9f00000,0x00000000fcf80000)
 ParOldGen       total 199680K, used 67391K [0x00000000a0000000, 0x00000000ac300000, 0x00000000e0000000)
  object space 199680K, 33% used [0x00000000a0000000,0x00000000a41cfe50,0x00000000ac300000)
 Metaspace       used 119908K, capacity 125360K, committed 125440K, reserved 1159168K
  class space    used 15506K, capacity 16623K, committed 16640K, reserved 1048576K
}

Deoptimization events (10 events):
Event: 1875.947 Thread 0x000000002771c800 Uncommon trap: reason=unstable_if action=reinterpret pc=0x00000000053ba668 method=java.util.Collections$SetFromMap.add(Ljava/lang/Object;)Z @ 13
Event: 1876.020 Thread 0x000000002771a800 Uncommon trap: reason=class_check action=maybe_recompile pc=0x00000000047eb600 method=com.android.tools.r8.u.a.h.e.b(Lcom/android/tools/r8/u/b/d0;)V @ 226
Event: 1876.020 Thread 0x000000002771a800 Uncommon trap: reason=class_check action=maybe_recompile pc=0x00000000047eb600 method=com.android.tools.r8.u.a.h.e.b(Lcom/android/tools/r8/u/b/d0;)V @ 226
Event: 1876.020 Thread 0x000000002771a800 Uncommon trap: reason=class_check action=maybe_recompile pc=0x00000000047eb600 method=com.android.tools.r8.u.a.h.e.b(Lcom/android/tools/r8/u/b/d0;)V @ 226
Event: 1876.020 Thread 0x000000002771a800 Uncommon trap: reason=class_check action=maybe_recompile pc=0x00000000047eb600 method=com.android.tools.r8.u.a.h.e.b(Lcom/android/tools/r8/u/b/d0;)V @ 226
Event: 1876.053 Thread 0x000000002771a800 Uncommon trap: reason=unstable_if action=reinterpret pc=0x0000000005fad204 method=com.android.tools.r8.graph.d0.a([C)I @ 29
Event: 1876.429 Thread 0x000000002771c800 Uncommon trap: reason=unstable_if action=reinterpret pc=0x0000000006b1722c method=com.android.tools.r8.u.c.o.b(Lcom/android/tools/r8/r/n/z;)Z @ 18
Event: 1876.654 Thread 0x0000000021db1800 Uncommon trap: reason=null_check action=make_not_entrant pc=0x0000000006c3a92c method=com.android.tools.r8.u.c.o.a(II)Lcom/android/tools/r8/graph/r; @ 14
Event: 1876.738 Thread 0x000000002771c000 Uncommon trap: reason=bimorphic action=maybe_recompile pc=0x00000000040229ac method=com.android.tools.r8.ir.regalloc.LinearScanRegisterAllocator.a(Lcom/android/tools/r8/u/b/g1;Ljava/util/Collection;)Z @ 1
Event: 1876.757 Thread 0x000000002771c000 Uncommon trap: reason=unstable_if action=reinterpret pc=0x00000000041d11f8 method=com.android.tools.r8.u.c.o.e(I)Lcom/android/tools/r8/graph/r; @ 4

Classes redefined (0 events):
No events

Internal exceptions (10 events):
Event: 1876.489 Thread 0x00000000246d0000 Exception <a 'sun/nio/fs/WindowsException'> (0x00000000ec123f48) thrown at [D:\src\AOSP-openjdk-cygwin\jdk8u\hotspot\src\share\vm\prims\jni.cpp, line 710]
Event: 1876.562 Thread 0x00000000246d0000 Exception <a 'sun/nio/fs/WindowsException'> (0x00000000ec1425b8) thrown at [D:\src\AOSP-openjdk-cygwin\jdk8u\hotspot\src\share\vm\prims\jni.cpp, line 710]
Event: 1876.582 Thread 0x0000000021db1800 Exception <a 'sun/nio/fs/WindowsException'> (0x00000000ed2b5cf0) thrown at [D:\src\AOSP-openjdk-cygwin\jdk8u\hotspot\src\share\vm\prims\jni.cpp, line 710]
Event: 1876.635 Thread 0x000000002771e000 Exception <a 'sun/nio/fs/WindowsException'> (0x00000000ed603050) thrown at [D:\src\AOSP-openjdk-cygwin\jdk8u\hotspot\src\share\vm\prims\jni.cpp, line 710]
Event: 1876.654 Thread 0x0000000021db1800 Implicit null exception at 0x0000000006c34370 to 0x0000000006c3a915
Event: 1876.682 Thread 0x0000000021db1800 Exception <a 'sun/nio/fs/WindowsException'> (0x00000000edd2cf18) thrown at [D:\src\AOSP-openjdk-cygwin\jdk8u\hotspot\src\share\vm\prims\jni.cpp, line 710]
Event: 1876.683 Thread 0x0000000027718000 Exception <a 'sun/nio/fs/WindowsException'> (0x00000000eb1eb018) thrown at [D:\src\AOSP-openjdk-cygwin\jdk8u\hotspot\src\share\vm\prims\jni.cpp, line 710]
Event: 1876.766 Thread 0x0000000021db1800 Exception <a 'sun/nio/fs/WindowsException'> (0x00000000edd4cb90) thrown at [D:\src\AOSP-openjdk-cygwin\jdk8u\hotspot\src\share\vm\prims\jni.cpp, line 710]
Event: 1876.785 Thread 0x000000002771c800 Exception <a 'sun/nio/fs/WindowsException'> (0x00000000ee7cd490) thrown at [D:\src\AOSP-openjdk-cygwin\jdk8u\hotspot\src\share\vm\prims\jni.cpp, line 710]
Event: 1876.788 Thread 0x0000000021db1800 Exception <a 'sun/nio/fs/WindowsException'> (0x00000000eebf1ff8) thrown at [D:\src\AOSP-openjdk-cygwin\jdk8u\hotspot\src\share\vm\prims\jni.cpp, line 710]

Events (10 events):
Event: 1876.761 loading class com/android/tools/r8/r/n/z
Event: 1876.761 loading class com/android/tools/r8/r/n/z done
Event: 1876.762 loading class com/android/tools/r8/r/n/z
Event: 1876.762 loading class com/android/tools/r8/r/n/z done
Event: 1876.762 loading class com/android/tools/r8/r/n/z
Event: 1876.762 loading class com/android/tools/r8/r/n/z done
Event: 1876.779 Thread 0x000000002771c000 DEOPT PACKING pc=0x0000000006a88968 sp=0x000000002ae0af70
Event: 1876.780 Thread 0x000000002771c000 DEOPT UNPACKING pc=0x00000000033275d0 sp=0x000000002ae0b0b0 mode 0
Event: 1876.792 Thread 0x000000002771a800 DEOPT PACKING pc=0x0000000003f02aa3 sp=0x000000002b00a590
Event: 1876.792 Thread 0x000000002771a800 DEOPT UNPACKING pc=0x00000000033275d0 sp=0x000000002b00a4b0 mode 0


Dynamic libraries:
0x00007ff67ef70000 - 0x00007ff67efa1000 	F:\Програмирование\Android studio\jre\bin\java.exe
0x00007ffae3c20000 - 0x00007ffae3e10000 	C:\Windows\SYSTEM32\ntdll.dll
0x00007ffae39b0000 - 0x00007ffae3a62000 	C:\Windows\System32\KERNEL32.DLL
0x00007ffae1190000 - 0x00007ffae1434000 	C:\Windows\System32\KERNELBASE.dll
0x00007ffae2770000 - 0x00007ffae2813000 	C:\Windows\System32\ADVAPI32.dll
0x00007ffae2890000 - 0x00007ffae292e000 	C:\Windows\System32\msvcrt.dll
0x00007ffae26d0000 - 0x00007ffae2767000 	C:\Windows\System32\sechost.dll
0x00007ffae3a70000 - 0x00007ffae3b90000 	C:\Windows\System32\RPCRT4.dll
0x00007ffae2940000 - 0x00007ffae2ad4000 	C:\Windows\System32\USER32.dll
0x00007ffae1ca0000 - 0x00007ffae1cc1000 	C:\Windows\System32\win32u.dll
0x00007ffae2ae0000 - 0x00007ffae2b06000 	C:\Windows\System32\GDI32.dll
0x00007ffae0bb0000 - 0x00007ffae0d44000 	C:\Windows\System32\gdi32full.dll
0x00007ffae1040000 - 0x00007ffae10de000 	C:\Windows\System32\msvcp_win.dll
0x00007ffae0df0000 - 0x00007ffae0eea000 	C:\Windows\System32\ucrtbase.dll
0x00007ffacf360000 - 0x00007ffacf5e4000 	C:\Windows\WinSxS\amd64_microsoft.windows.common-controls_6595b64144ccf1df_6.0.18362.836_none_e6c4b943130f18ed\COMCTL32.dll
0x00007ffae3670000 - 0x00007ffae39a6000 	C:\Windows\System32\combase.dll
0x00007ffae0d70000 - 0x00007ffae0df0000 	C:\Windows\System32\bcryptPrimitives.dll
0x00007ffae3b90000 - 0x00007ffae3bbe000 	C:\Windows\System32\IMM32.DLL
0x000000005a090000 - 0x000000005a162000 	F:\Програмирование\Android studio\jre\jre\bin\msvcr100.dll
0x000000005a170000 - 0x000000005a9b6000 	F:\Програмирование\Android studio\jre\jre\bin\server\jvm.dll
0x00007ffae2930000 - 0x00007ffae2938000 	C:\Windows\System32\PSAPI.DLL
0x00007ffab96f0000 - 0x00007ffab96f9000 	C:\Windows\SYSTEM32\WSOCK32.dll
0x00007ffadd800000 - 0x00007ffadd824000 	C:\Windows\SYSTEM32\WINMM.dll
0x00007ffad9900000 - 0x00007ffad990a000 	C:\Windows\SYSTEM32\VERSION.dll
0x00007ffae2820000 - 0x00007ffae288f000 	C:\Windows\System32\WS2_32.dll
0x00007ffadd7d0000 - 0x00007ffadd7fd000 	C:\Windows\SYSTEM32\WINMMBASE.dll
0x00007ffae1140000 - 0x00007ffae118a000 	C:\Windows\System32\cfgmgr32.dll
0x00007ffadb4f0000 - 0x00007ffadb4ff000 	F:\Програмирование\Android studio\jre\jre\bin\verify.dll
0x00007ffad70a0000 - 0x00007ffad70c9000 	F:\Програмирование\Android studio\jre\jre\bin\java.dll
0x00007ffad9830000 - 0x00007ffad9846000 	F:\Програмирование\Android studio\jre\jre\bin\zip.dll
0x00007ffae1fe0000 - 0x00007ffae26c4000 	C:\Windows\System32\SHELL32.dll
0x00007ffae32d0000 - 0x00007ffae3379000 	C:\Windows\System32\shcore.dll
0x00007ffae1440000 - 0x00007ffae1bbe000 	C:\Windows\System32\windows.storage.dll
0x00007ffae0b10000 - 0x00007ffae0b33000 	C:\Windows\System32\profapi.dll
0x00007ffae0b60000 - 0x00007ffae0baa000 	C:\Windows\System32\powrprof.dll
0x00007ffae0ae0000 - 0x00007ffae0af0000 	C:\Windows\System32\UMPDC.dll
0x00007ffae2b10000 - 0x00007ffae2b62000 	C:\Windows\System32\shlwapi.dll
0x00007ffae0af0000 - 0x00007ffae0b01000 	C:\Windows\System32\kernel.appcore.dll
0x00007ffae0d50000 - 0x00007ffae0d67000 	C:\Windows\System32\cryptsp.dll
0x00007ffad9580000 - 0x00007ffad959a000 	F:\Програмирование\Android studio\jre\jre\bin\net.dll
0x00007fface900000 - 0x00007ffacead6000 	C:\Windows\SYSTEM32\urlmon.dll
0x00007ffad57a0000 - 0x00007ffad5a46000 	C:\Windows\SYSTEM32\iertutil.dll
0x00007ffae0480000 - 0x00007ffae048c000 	C:\Windows\SYSTEM32\CRYPTBASE.DLL
0x00007ffae0300000 - 0x00007ffae0367000 	C:\Windows\system32\mswsock.dll
0x00007ffad8830000 - 0x00007ffad8843000 	F:\Програмирование\Android studio\jre\jre\bin\nio.dll
0x00007ffad0b10000 - 0x00007ffad0b36000 	C:\Users\denis\.gradle\native\30\windows-amd64\native-platform.dll
0x00007ffad85c0000 - 0x00007ffad85cd000 	F:\Програмирование\Android studio\jre\jre\bin\management.dll
0x00007ffadfe20000 - 0x00007ffadfe53000 	C:\Windows\system32\rsaenh.dll
0x00007ffae1c70000 - 0x00007ffae1c96000 	C:\Windows\System32\bcrypt.dll
0x00007ffae0a00000 - 0x00007ffae0a25000 	C:\Windows\SYSTEM32\USERENV.dll
0x00007ffae0020000 - 0x00007ffae005a000 	C:\Windows\SYSTEM32\IPHLPAPI.DLL
0x00007ffae1e30000 - 0x00007ffae1e38000 	C:\Windows\System32\NSI.dll
0x00007ffad7620000 - 0x00007ffad7636000 	C:\Windows\SYSTEM32\dhcpcsvc6.DLL
0x00007ffad7910000 - 0x00007ffad792c000 	C:\Windows\SYSTEM32\dhcpcsvc.DLL
0x00007ffae0060000 - 0x00007ffae012b000 	C:\Windows\SYSTEM32\DNSAPI.dll
0x00007ffad0d40000 - 0x00007ffad0d64000 	F:\Програмирование\Android studio\jre\jre\bin\sunec.dll
0x00007ffad85b0000 - 0x00007ffad85bb000 	F:\Програмирование\Android studio\jre\jre\bin\sunmscapi.dll
0x00007ffae0ef0000 - 0x00007ffae1039000 	C:\Windows\System32\CRYPT32.dll
0x00007ffae0b40000 - 0x00007ffae0b52000 	C:\Windows\System32\MSASN1.dll
0x00007ffad8f40000 - 0x00007ffad8f4a000 	C:\Windows\System32\rasadhlp.dll
0x00007ffad7380000 - 0x00007ffad73f7000 	C:\Windows\System32\fwpuclnt.dll
0x00007ffadfb00000 - 0x00007ffadfb31000 	C:\Windows\SYSTEM32\ntmarta.dll
0x00007ffaded40000 - 0x00007ffadedcf000 	C:\Windows\system32\apphelp.dll

VM Arguments:
jvm_args: -Xmx1536m -Dfile.encoding=windows-1251 -Duser.country=RU -Duser.language=ru -Duser.variant 
java_command: org.gradle.launcher.daemon.bootstrap.GradleDaemon 5.6.4
java_class_path (initial): C:\Users\denis\.gradle\wrapper\dists\gradle-5.6.4-all\ankdp27end7byghfw1q2sw75f\gradle-5.6.4\lib\gradle-launcher-5.6.4.jar
Launcher Type: SUN_STANDARD

Environment Variables:
JAVA_HOME=C:\Program Files\Java\jdk-13.0.2
PATH=C:\Program Files (x86)\Common Files\Oracle\Java\javapath;C:\Windows\system32;C:\Windows;C:\Windows\System32\Wbem;C:\Windows\System32\WindowsPowerShell\v1.0\;C:\Windows\System32\OpenSSH\;C:\Program Files (x86)\GtkSharp\2.12\bin;C:\Program Files\Java\jdk-13.0.2\bin;C:\Program Files\Intel\WiFi\bin\;C:\Program Files\Common Files\Intel\WirelessCommon\;F:\Програмирование\Git\cmd;C:\Program Files (x86)\Intel\Intel(R) Management Engine Components\DAL;C:\Program Files\Intel\Intel(R) Management Engine Components\DAL;C:\Users\denis\AppData\Local\Programs\Python\Python38-32\Scripts\;C:\Users\denis\AppData\Local\Programs\Python\Python38-32\;F:\Python\Anaconda;F:\Python\Anaconda\Library\mingw-w64\bin;F:\Python\Anaconda\Library\usr\bin;F:\Python\Anaconda\Library\bin;F:\Python\Anaconda\Scripts;C:\Users\denis\AppData\Local\Microsoft\WindowsApps;F:\Програмирование\IntelliJ IDEA Community Edition 2019.3\bin;E:\Prog\Microsoft VS Code\bin;F:\Програмирование\Microsoft VS Code\bin;C:\Program Files\Java\jdk-13.0.2\bin;C:\Users\denis\AppData\Local\Programs\Microsoft VS Code\bin;C:\Program Files\Intel\WiFi\bin\;C:\Program Files\Common Files\Intel\WirelessCommon\;F:\Programming\IntelliJ IDEA Educational Edition 2020.1\bin;
USERNAME=denis
OS=Windows_NT
PROCESSOR_IDENTIFIER=Intel64 Family 6 Model 142 Stepping 10, GenuineIntel



---------------  S Y S T E M  ---------------

OS: Windows 10.0 , 64 bit Build 18362 (10.0.18362.778)

CPU:total 8 (initial active 8) (4 cores per cpu, 2 threads per core) family 6 model 142 stepping 10, cmov, cx8, fxsr, mmx, sse, sse2, sse3, ssse3, sse4.1, sse4.2, popcnt, avx, avx2, aes, clmul, erms, 3dnowpref, lzcnt, ht, tsc, tscinvbit, bmi1, bmi2, adx

Memory: 4k page, physical 12339788k(3270780k free), swap 13388364k(2988k free)

vm_info: OpenJDK 64-Bit Server VM (25.212-b04) for windows-amd64 JRE (1.8.0_212-release-1586-b04), built by "builder" with MS VC++ 10.0 (VS2010)

time: Wed May 20 15:49:00 2020
timezone: RTZ 4 (зима)
elapsed time: 1876 seconds (0d 0h 31m 16s)

